;  LST file generated by mikroListExporter - v.2.0 
; Date/Time: 3/24/2012 2:58:37 PM
;----------------------------------------------

;Address Opcode 	ASM
0x0000	0x286E      	GOTO       110
_____DoICP:
;__Lib_System.c,6 :: 		
;__Lib_System.c,9 :: 		
0x0003	0x1283      	BCF        STATUS, 5
0x0004	0x0821      	MOVF       ___DoICPAddr+1, 0
0x0005	0x008A      	MOVWF      PCLATH
;__Lib_System.c,10 :: 		
0x0006	0x0820      	MOVF       ___DoICPAddr, 0
0x0007	0x0082      	MOVWF      PCL
;__Lib_System.c,12 :: 		
L_end_____DoICP:
0x0008	0x0008      	RETURN
; end of _____DoICP
_Delay_22us:
;__Lib_Delays.c,15 :: 		void Delay_22us() {
;__Lib_Delays.c,16 :: 		Delay_us(22);
0x0009	0x3007      	MOVLW      7
0x000A	0x1283      	BCF        STATUS, 5
0x000B	0x00DD      	MOVWF      R13
L_Delay_22us1:
0x000C	0x0BDD      	DECFSZ     R13, 1
0x000D	0x280C      	GOTO       L_Delay_22us1
;__Lib_Delays.c,17 :: 		}
L_end_Delay_22us:
0x000E	0x0008      	RETURN
; end of _Delay_22us
_ADC_Init:
;__Lib_ADC_A_B.c,8 :: 		
;__Lib_ADC_A_B.c,9 :: 		
0x000F	0x30FF      	MOVLW      _ADC_Get_Sample
0x0010	0x1283      	BCF        STATUS, 5
0x0011	0x00A4      	MOVWF      _ADC_Get_Sample_Ptr
0x0012	0x30FF      	MOVLW      hi_addr(_ADC_Get_Sample)
0x0013	0x00A5      	MOVWF      _ADC_Get_Sample_Ptr+1
0x0014	0x30FF      	MOVLW      FARG_ADC_Get_Sample_channel
0x0015	0x00A6      	MOVWF      _ADC_Get_Sample_Ptr+2
0x0016	0x30FF      	MOVLW      hi_addr(FARG_ADC_Get_Sample_channel)
;__Lib_ADC_A_B.c,11 :: 		
0x0017	0x30C3      	MOVLW      195
0x0018	0x059F      	ANDWF      ADCON0, 1
;__Lib_ADC_A_B.c,15 :: 		
0x0019	0x3040      	MOVLW      64
0x001A	0x059F      	ANDWF      ADCON0, 1
;__Lib_ADC_A_B.c,16 :: 		
0x001B	0x30F0      	MOVLW      240
0x001C	0x1683      	BSF        STATUS, 5
0x001D	0x049F      	IORWF      ADCON1, 1
;__Lib_ADC_A_B.c,17 :: 		
0x001E	0x1283      	BCF        STATUS, 5
0x001F	0x179F      	BSF        ADCON0, 7
;__Lib_ADC_A_B.c,19 :: 		
0x0020	0x141F      	BSF        ADCON0, 0
;__Lib_ADC_A_B.c,20 :: 		
L_end_ADC_Init:
0x0021	0x0008      	RETURN
; end of _ADC_Init
_ADC_Read:
;__Lib_ADC_A_B.c,49 :: 		
;__Lib_ADC_A_B.c,51 :: 		
0x0022	0x30C3      	MOVLW      195
0x0023	0x1283      	BCF        STATUS, 5
0x0024	0x059F      	ANDWF      ADCON0, 1
;__Lib_ADC_A_B.c,55 :: 		
0x0025	0x3040      	MOVLW      64
0x0026	0x059F      	ANDWF      ADCON0, 1
;__Lib_ADC_A_B.c,56 :: 		
0x0027	0x30F0      	MOVLW      240
0x0028	0x1683      	BSF        STATUS, 5
0x0029	0x049F      	IORWF      ADCON1, 1
;__Lib_ADC_A_B.c,57 :: 		
0x002A	0x1283      	BCF        STATUS, 5
0x002B	0x179F      	BSF        ADCON0, 7
;__Lib_ADC_A_B.c,58 :: 		
0x002C	0x0829      	MOVF       FARG_ADC_Read_channel, 0
0x002D	0x00D0      	MOVWF      R0
0x002E	0x0DD0      	RLF        R0, 1
0x002F	0x1050      	BCF        R0, 0
0x0030	0x0DD0      	RLF        R0, 1
0x0031	0x1050      	BCF        R0, 0
0x0032	0x0850      	MOVF       R0, 0
0x0033	0x049F      	IORWF      ADCON0, 1
;__Lib_ADC_A_B.c,61 :: 		
0x0034	0x141F      	BSF        ADCON0, 0
;__Lib_ADC_A_B.c,64 :: 		
0x0035	0x2009      	CALL       _Delay_22us
;__Lib_ADC_A_B.c,67 :: 		
0x0036	0x149F      	BSF        ADCON0, 1
;__Lib_ADC_A_B.c,70 :: 		
L_ADC_Read2:
0x0037	0x1C9F      	BTFSS      ADCON0, 1
0x0038	0x283B      	GOTO       L_ADC_Read3
;__Lib_ADC_A_B.c,71 :: 		
0x0039	0x0000      	NOP
0x003A	0x2837      	GOTO       L_ADC_Read2
L_ADC_Read3:
;__Lib_ADC_A_B.c,74 :: 		
0x003B	0x101F      	BCF        ADCON0, 0
;__Lib_ADC_A_B.c,77 :: 		
0x003C	0x081E      	MOVF       ADRESH, 0
0x003D	0x00D1      	MOVWF      R0+1
0x003E	0x01D0      	CLRF       R0
0x003F	0x1683      	BSF        STATUS, 5
0x0040	0x081E      	MOVF       ADRESL, 0
0x0041	0x04D0      	IORWF      R0, 1
0x0042	0x3000      	MOVLW      0
0x0043	0x04D1      	IORWF      R0+1, 1
;__Lib_ADC_A_B.c,78 :: 		
L_end_ADC_Read:
0x0044	0x0008      	RETURN
; end of _ADC_Read
___CC2DW:
;__Lib_System.c,134 :: 		
;__Lib_System.c,137 :: 		
_CC2D_Loop1:
;__Lib_System.c,139 :: 		
0x0045	0x2003      	CALL       _____DoICP
0x0046	0x118A      	BCF        PCLATH, 3
0x0047	0x120A      	BCF        PCLATH, 4
;__Lib_System.c,141 :: 		
0x0048	0x0080      	MOVWF      INDF
;__Lib_System.c,142 :: 		
0x0049	0x0A84      	INCF       FSR, 1
;__Lib_System.c,143 :: 		
0x004A	0x0AA0      	INCF       ___DoICPAddr, 1
;__Lib_System.c,145 :: 		
0x004B	0x1903      	BTFSC      STATUS, 2
;__Lib_System.c,146 :: 		
0x004C	0x0AA1      	INCF       ___DoICPAddr+1, 1
;__Lib_System.c,147 :: 		
0x004D	0x03D0      	DECF       R0, 1
;__Lib_System.c,149 :: 		
0x004E	0x1D03      	BTFSS      STATUS, 2
;__Lib_System.c,150 :: 		
0x004F	0x2845      	GOTO       _CC2D_Loop1
;__Lib_System.c,152 :: 		
L_end___CC2DW:
0x0050	0x0008      	RETURN
; end of ___CC2DW
_led_blinking:
;TWO ADC.c,3 :: 		void led_blinking(char ch_0_1)
;TWO ADC.c,5 :: 		if (main_ch >= set_ch)
0x0051	0x3080      	MOVLW      128
0x0052	0x1283      	BCF        STATUS, 5
0x0053	0x0623      	XORWF      _main_ch+1, 0
0x0054	0x00D0      	MOVWF      R0
0x0055	0x3080      	MOVLW      128
0x0056	0x0628      	XORWF      _set_ch+1, 0
0x0057	0x0250      	SUBWF      R0, 0
0x0058	0x1D03      	BTFSS      STATUS, 2
0x0059	0x285C      	GOTO       L__led_blinking7
0x005A	0x0827      	MOVF       _set_ch, 0
0x005B	0x0222      	SUBWF      _main_ch, 0
L__led_blinking7:
0x005C	0x1C03      	BTFSS      STATUS, 0
0x005D	0x2860      	GOTO       L_led_blinking0
;TWO ADC.c,7 :: 		LED1_1=1;
0x005E	0x1407      	BSF        RC0_bit, 0
;TWO ADC.c,8 :: 		}
0x005F	0x286D      	GOTO       L_led_blinking1
L_led_blinking0:
;TWO ADC.c,9 :: 		else if (main_ch < set_ch)
0x0060	0x3080      	MOVLW      128
0x0061	0x0623      	XORWF      _main_ch+1, 0
0x0062	0x00D0      	MOVWF      R0
0x0063	0x3080      	MOVLW      128
0x0064	0x0628      	XORWF      _set_ch+1, 0
0x0065	0x0250      	SUBWF      R0, 0
0x0066	0x1D03      	BTFSS      STATUS, 2
0x0067	0x286A      	GOTO       L__led_blinking8
0x0068	0x0827      	MOVF       _set_ch, 0
0x0069	0x0222      	SUBWF      _main_ch, 0
L__led_blinking8:
0x006A	0x1803      	BTFSC      STATUS, 0
0x006B	0x286D      	GOTO       L_led_blinking2
;TWO ADC.c,11 :: 		LED1_1=0;
0x006C	0x1007      	BCF        RC0_bit, 0
;TWO ADC.c,12 :: 		}
L_led_blinking2:
L_led_blinking1:
;TWO ADC.c,13 :: 		}
L_end_led_blinking:
0x006D	0x0008      	RETURN
; end of _led_blinking
_main:
;TWO ADC.c,15 :: 		void main()
;TWO ADC.c,17 :: 		ADCON1=4;
0x006E	0x3004      	MOVLW      4
0x006F	0x1683      	BSF        STATUS, 5
0x0070	0x009F      	MOVWF      ADCON1
;TWO ADC.c,18 :: 		ANSEL=0;
0x0071	0x0191      	CLRF       ANSEL
;TWO ADC.c,19 :: 		ANSEL.ANS0=1;
0x0072	0x1411      	BSF        ANSEL, 0
;TWO ADC.c,20 :: 		ANSEL.ANS3=1;
0x0073	0x1591      	BSF        ANSEL, 3
;TWO ADC.c,22 :: 		TRISC=0;
0x0074	0x0187      	CLRF       TRISC
;TWO ADC.c,23 :: 		PORTC=0;
0x0075	0x1283      	BCF        STATUS, 5
0x0076	0x0187      	CLRF       PORTC
;TWO ADC.c,25 :: 		PORTA=255;
0x0077	0x30FF      	MOVLW      255
0x0078	0x0085      	MOVWF      PORTA
;TWO ADC.c,26 :: 		PORTA=0;
0x0079	0x0185      	CLRF       PORTA
;TWO ADC.c,28 :: 		ADC_Init();
0x007A	0x200F      	CALL       _ADC_Init
;TWO ADC.c,29 :: 		while(1)
L_main3:
;TWO ADC.c,31 :: 		main_ch = ADC_Read(0);
0x007B	0x01A9      	CLRF       FARG_ADC_Read_channel
0x007C	0x2022      	CALL       _ADC_Read
0x007D	0x0850      	MOVF       R0, 0
0x007E	0x00A2      	MOVWF      _main_ch
0x007F	0x0851      	MOVF       R0+1, 0
0x0080	0x00A3      	MOVWF      _main_ch+1
;TWO ADC.c,32 :: 		set_ch = ADC_Read(3);
0x0081	0x3003      	MOVLW      3
0x0082	0x00A9      	MOVWF      FARG_ADC_Read_channel
0x0083	0x2022      	CALL       _ADC_Read
0x0084	0x0850      	MOVF       R0, 0
0x0085	0x00A7      	MOVWF      _set_ch
0x0086	0x0851      	MOVF       R0+1, 0
0x0087	0x00A8      	MOVWF      _set_ch+1
;TWO ADC.c,33 :: 		led_blinking(1);
0x0088	0x3001      	MOVLW      1
0x0089	0x00A9      	MOVWF      FARG_led_blinking_ch_0_1
0x008A	0x2051      	CALL       _led_blinking
;TWO ADC.c,34 :: 		DELAY_MS(500);
0x008B	0x3003      	MOVLW      3
0x008C	0x00DB      	MOVWF      R11
0x008D	0x308A      	MOVLW      138
0x008E	0x00DC      	MOVWF      R12
0x008F	0x3055      	MOVLW      85
0x0090	0x00DD      	MOVWF      R13
L_main5:
0x0091	0x0BDD      	DECFSZ     R13, 1
0x0092	0x2891      	GOTO       L_main5
0x0093	0x0BDC      	DECFSZ     R12, 1
0x0094	0x2891      	GOTO       L_main5
0x0095	0x0BDB      	DECFSZ     R11, 1
0x0096	0x2891      	GOTO       L_main5
0x0097	0x0000      	NOP
0x0098	0x0000      	NOP
;TWO ADC.c,35 :: 		}
0x0099	0x287B      	GOTO       L_main3
;TWO ADC.c,36 :: 		}
L_end_main:
0x009A	0x289A      	GOTO       $+0
; end of _main
Symbol List:
//** Routines locations **
//ADDRESS    SIZE    PROCEDURE
//----------------------------------------------
0x0003       [6]    _____DoICP
0x0009       [6]    _Delay_22us
0x000F      [19]    _ADC_Init
0x0022      [35]    _ADC_Read
0x0045      [12]    ___CC2DW
0x0051      [29]    _led_blinking
0x006E      [45]    _main
//** Variables locations ** 
//ADDRESS    SIZE    VARIABLE
//----------------------------------------------
0x0000       [1]    INDF
0x0002       [1]    PCL
0x0003       [1]    STATUS
0x0004       [1]    FSR
0x0005       [1]    PORTA
0x0007       [0]    RC0_bit
0x0007       [0]    LED1_1
0x0007       [1]    PORTC
0x000A       [1]    PCLATH
0x001E       [1]    ADRESH
0x001F       [1]    ADCON0
0x0020       [2]    ___DoICPAddr
0x0022       [2]    _main_ch
0x0024       [3]    _ADC_Get_Sample_Ptr
0x0027       [2]    _set_ch
0x0029       [1]    FARG_ADC_Read_channel
0x0029       [1]    FARG_led_blinking_ch_0_1
0x0050       [1]    R0
0x0051       [1]    R1
0x0052       [1]    R2
0x0053       [1]    R3
0x0054       [1]    R4
0x0055       [1]    R5
0x0056       [1]    R6
0x0057       [1]    R7
0x0058       [1]    R8
0x0059       [1]    R9
0x005A       [1]    R10
0x005B       [1]    R11
0x005C       [1]    R12
0x005D       [1]    R13
0x005E       [1]    R14
0x005F       [1]    R15
0x0087       [1]    TRISC
0x0091       [1]    ANSEL
0x009E       [1]    ADRESL
0x009F       [1]    ADCON1
//** Label List: ** 
//----------------------------------------------
  L_led_blinking0
  L_led_blinking1
  L_led_blinking2
  L_main3
  L_main4
  L_main5
  L_end_led_blinking
  _led_blinking
  L__led_blinking7
  L__led_blinking8
  L_end_main
  _main
  L_ADC_Get_Sample0
  L_ADC_Get_Sample1
  L_ADC_Read2
  L_ADC_Read3
  L_end_ADC_Init
  _ADC_Init
  L_end_ADC_Get_Sample
  _ADC_Get_Sample
  L_end_ADC_Read
  _ADC_Read
  L_Delay_10us0
  L_Delay_22us1
  L_Delay_50us2
  L_Delay_80us3
  L_Delay_500us4
  L_Delay_5500us5
  L_Delay_1ms6
  L_Delay_5ms7
  L_Delay_8ms8
  L_Delay_10ms9
  L_Delay_100ms10
  L_Delay_1sec11
  L_boot16_Delay_5ms12
  L_Delay_Cyc13
  L_Delay_Cyc14
  L_VDelay_ms15
  L_VDelay_ms16
  L_VDelay_ms17
  L_VDelay_Advanced_ms18
  L_VDelay_Advanced_ms19
  L_VDelay_Advanced_ms20
  L_end_Get_Fosc_kHz
  _Get_Fosc_kHz
  L_end_Delay_1us
  _Delay_1us
  L_end_Delay_10us
  _Delay_10us
  L_end_Delay_22us
  _Delay_22us
  L_end_Delay_50us
  _Delay_50us
  L_end_Delay_80us
  _Delay_80us
  L_end_Delay_500us
  _Delay_500us
  L_end_Delay_5500us
  _Delay_5500us
  L_end_Delay_1ms
  _Delay_1ms
  L_end_Delay_5ms
  _Delay_5ms
  L_end_Delay_8ms
  _Delay_8ms
  L_end_Delay_10ms
  _Delay_10ms
  L_end_Delay_100ms
  _Delay_100ms
  L_end_Delay_1sec
  _Delay_1sec
  L_end_boot16_Delay_5ms
  _boot16_Delay_5ms
  L_end_Delay_Cyc
  _Delay_Cyc
  L_end_VDelay_ms
  _VDelay_ms
  L__VDelay_ms38
  L__VDelay_ms39
  L__VDelay_ms40
  L_end_VDelay_Advanced_ms
  _VDelay_Advanced_ms
  L__VDelay_Advanced_ms42
  L__VDelay_Advanced_ms43
  L__VDelay_Advanced_ms44
  L_loopCA2AWs
  L_CA2AWend
  _CCA2AW_Loop1
  L_loopCS2Ss
  L_CS2Send
  _CCS2S_Loop1
  L_CCS2Send
  L_loopFZinSWs
  L_FZinSend
  _CC2D_Loop1
  L_end_____DoICP
  _____DoICP
  L_end_____DoIFC
  _____DoIFC
  L_end___CA2AW
  ___CA2AW
  L_end___CCA2AW
  ___CCA2AW
  L_end___CS2S
  ___CS2S
  L_end___CCS2S
  ___CCS2S
  L_end___FZinS
  ___FZinS
  L_end___CC2DW
  ___CC2DW
  L_end_Swap
  _Swap
